0 info it worked if it ends with ok
1 verbose cli [ '/usr/bin/node', '/usr/bin/npm', 'adduser' ]
2 info using npm@3.5.2
3 info using node@v8.10.0
4 verbose adduser before first PUT { _id: 'org.couchdb.user:chunqiuyiyu',
4 verbose adduser   name: 'chunqiuyiyu',
4 verbose adduser   password: 'XXXXX',
4 verbose adduser   email: 'chunqiuyiyu@outlook.com',
4 verbose adduser   type: 'user',
4 verbose adduser   roles: [],
4 verbose adduser   date: '2019-05-09T13:33:11.208Z' }
5 verbose request uri https://registry.npmjs.org/-/user/org.couchdb.user:chunqiuyiyu
6 verbose request new user, so can't send auth
7 info attempt registry request try #1 at 9:33:11 PM
8 verbose request id 823d2700989cc4ee
9 http request PUT https://registry.npmjs.org/-/user/org.couchdb.user:chunqiuyiyu
10 http 401 https://registry.npmjs.org/-/user/org.couchdb.user:chunqiuyiyu
11 verbose headers { date: 'Thu, 09 May 2019 13:33:12 GMT',
11 verbose headers   'content-type': 'application/json',
11 verbose headers   'content-length': '46',
11 verbose headers   connection: 'keep-alive',
11 verbose headers   'set-cookie':
11 verbose headers    [ '__cfduid=def2b0873dcb6e191b5c2ab2dc37160f51557408791; expires=Fri, 08-May-20 13:33:11 GMT; path=/; domain=.registry.npmjs.org; HttpOnly' ],
11 verbose headers   'cf-ray': '4d440b33f8b077d0-LAX',
11 verbose headers   'expect-ct': 'max-age=604800, report-uri="https://report-uri.cloudflare.com/cdn-cgi/beacon/expect-ct"',
11 verbose headers   'www-authenticate': 'Basic',
11 verbose headers   vary: 'Accept-Encoding',
11 verbose headers   server: 'cloudflare' }
12 verbose request invalidating /root/.npm/registry.npmjs.org/-/user/org.couchdb.user_3Achunqiuyiyu on PUT
13 verbose adduser back [ { Error: Registry returned 401 for PUT on https://registry.npmjs.org/-/user/org.couchdb.user:chunqiuyiyu
13 verbose adduser     at makeError (/usr/share/npm/node_modules/npm-registry-client/lib/request.js:264:12)
13 verbose adduser     at CachingRegistryClient.<anonymous> (/usr/share/npm/node_modules/npm-registry-client/lib/request.js:242:14)
13 verbose adduser     at Request._callback (/usr/share/npm/node_modules/npm-registry-client/lib/request.js:172:14)
13 verbose adduser     at Request.self.callback (/usr/share/npm/node_modules/request/request.js:198:22)
13 verbose adduser     at emitTwo (events.js:126:13)
13 verbose adduser     at Request.emit (events.js:214:7)
13 verbose adduser     at Request.<anonymous> (/usr/share/npm/node_modules/request/request.js:1082:10)
13 verbose adduser     at emitOne (events.js:121:20)
13 verbose adduser     at Request.emit (events.js:211:7)
13 verbose adduser     at IncomingMessage.<anonymous> (/usr/share/npm/node_modules/request/request.js:1009:12) statusCode: 401, code: 'E401' },
13 verbose adduser   { ok: false, id: 'org.couchdb.user:undefined' },
13 verbose adduser   '{"ok":false,"id":"org.couchdb.user:undefined"}' ]
14 warn adduser Incorrect username or password
14 warn adduser You can reset your account by visiting:
14 warn adduser
14 warn adduser     https://npmjs.org/forgot
15 verbose stack Error: Registry returned 401 for PUT on https://registry.npmjs.org/-/user/org.couchdb.user:chunqiuyiyu
15 verbose stack     at makeError (/usr/share/npm/node_modules/npm-registry-client/lib/request.js:264:12)
15 verbose stack     at CachingRegistryClient.<anonymous> (/usr/share/npm/node_modules/npm-registry-client/lib/request.js:242:14)
15 verbose stack     at Request._callback (/usr/share/npm/node_modules/npm-registry-client/lib/request.js:172:14)
15 verbose stack     at Request.self.callback (/usr/share/npm/node_modules/request/request.js:198:22)
15 verbose stack     at emitTwo (events.js:126:13)
15 verbose stack     at Request.emit (events.js:214:7)
15 verbose stack     at Request.<anonymous> (/usr/share/npm/node_modules/request/request.js:1082:10)
15 verbose stack     at emitOne (events.js:121:20)
15 verbose stack     at Request.emit (events.js:211:7)
15 verbose stack     at IncomingMessage.<anonymous> (/usr/share/npm/node_modules/request/request.js:1009:12)
16 verbose statusCode 401
17 verbose cwd /mnt/d/Code/knao
18 error Linux 4.4.0-17134-Microsoft
19 error argv "/usr/bin/node" "/usr/bin/npm" "adduser"
20 error node v8.10.0
21 error npm  v3.5.2
22 error code E401
23 error Registry returned 401 for PUT on https://registry.npmjs.org/-/user/org.couchdb.user:chunqiuyiyu
24 error If you need help, you may report this error at:
24 error     <https://github.com/npm/npm/issues>
25 verbose exit [ 1, true ]
